<?xml version="1.0" encoding="UTF-8"?>
<!-- Generated by org.testng.reporters.JUnitXMLReporter -->
<testsuite hostname="Mariana" failures="0" tests="9" name="Command line test" time="86.045" errors="0" timestamp="24 May 2023 17:55:46 GMT">
  <testcase classname="test.com.CareerTest" name="testCareesrTestCase" time="26.239"/>
  <testcase classname="test.com.FirstSelTest" name="OpenBrowser" time="18.849"/>
  <testcase classname="test.com.SpecialtyCareTest" name="testSpecialtyCare" time="9.702"/>
  <testcase classname="test.com.AmitaTest" name="testFindLocation" time="6.083"/>
  <testcase classname="test.com.PriceTranparencyTest" name="testAscensionHomepage" time="2.962"/>
  <testcase classname="test.com.AmitaTest" name="testBillPay" time="8.418"/>
  <testcase classname="test.com.PriceTranparencyTest" name="testPriceTransparencyPage" time="1.287"/>
  <testcase classname="test.com.PriceTranparencyTest" name="testPriceEstimatorPage" time="1.521"/>
  <testcase classname="test.com.PriceTranparencyTest" name="testPriceEstimator" time="4.78"/>
</testsuite> <!-- Command line test -->
