<?xml version="1.0" encoding="UTF-8"?>
<!-- Generated by org.testng.reporters.JUnitXMLReporter -->
<testsuite hostname="Mariana" failures="0" tests="4" name="Command line test" time="12.837" errors="0" timestamp="24 May 2023 17:42:03 GMT">
  <testcase classname="test.com.PriceTranparencyTest" name="testAscensionHomepage" time="2.991"/>
  <testcase classname="test.com.PriceTranparencyTest" name="testPriceTransparencyPage" time="1.562"/>
  <testcase classname="test.com.PriceTranparencyTest" name="testPriceEstimatorPage" time="3.501"/>
  <testcase classname="test.com.PriceTranparencyTest" name="testPriceEstimator" time="3.271"/>
</testsuite> <!-- Command line test -->
